<?xml version="1.0" encoding="UTF-8"?>
<!-- Generated by org.testng.reporters.JUnitReportReporter -->
<testsuite hostname="Levents-MacBook-Pro.local" failures="0" tests="1" name="SimpleTest" time="0.006" errors="0" timestamp="23 Feb 2020 17:19:12 GMT">
  <testcase classname="SimpleTest" name="SimpleTest" time="0.006"/>
</testsuite> <!-- SimpleTest -->
